#
# A fatal error has been detected by the Java Runtime Environment:
#
#  Internal Error (generateOopMap.cpp:2164), pid=11780, tid=11084
#  fatal error: Illegal class file encountered. Try running with -Xverify:all in method createContactwithOrg
#
# JRE version: OpenJDK Runtime Environment (16.0.1+9) (build 16.0.1+9-24)
# Java VM: OpenJDK 64-Bit Server VM (16.0.1+9-24, mixed mode, tiered, compressed oops, compressed class ptrs, g1 gc, windows-amd64)
# No core dump will be written. Minidumps are not enabled by default on client versions of Windows
#
# If you would like to submit a bug report, please visit:
#   https://bugreport.java.com/bugreport/crash.jsp
#

---------------  S U M M A R Y ------------

Command Line: -XX:+ShowCodeDetailsInExceptionMessages -agentlib:jdwp=transport=dt_socket,suspend=y,address=localhost:54337 -ea -Dfile.encoding=Cp1252 org.testng.remote.RemoteTestNG -serport 54333 -protocol json -d H:\TestYantraWorksapce\com.vtiger\test-output C:\Users\Prasad\AppData\Local\Temp\testng-eclipse-1496516236\testng-customsuite.xml

Host: Intel(R) Core(TM) i7-3537U CPU @ 2.00GHz, 4 cores, 3G,  Windows 8 , 64 bit Build 9200 (6.2.9200.16859)
Time: Wed Jun  8 17:30:47 2022 India Standard Time elapsed time: 1841.218608 seconds (0d 0h 30m 41s)

---------------  T H R E A D  ---------------

Current thread (0x000000932c8a1020):  VMThread "VM Thread" [stack: 0x000000932c920000,0x000000932ca20000] [id=11084]

Stack: [0x000000932c920000,0x000000932ca20000]
Native frames: (J=compiled Java code, j=interpreted, Vv=VM code, C=native code)
V  [jvm.dll+0x6687ca]
V  [jvm.dll+0x7ca3c9]
V  [jvm.dll+0x7cbb53]
V  [jvm.dll+0x7cc167]
V  [jvm.dll+0x242c03]
V  [jvm.dll+0x3312e9]
V  [jvm.dll+0x330e42]
V  [jvm.dll+0x32e527]
V  [jvm.dll+0x32fd1e]
V  [jvm.dll+0x32d39f]
V  [jvm.dll+0x32c627]
V  [jvm.dll+0x6572ce]
V  [jvm.dll+0x656fd3]
V  [jvm.dll+0x61c848]
V  [jvm.dll+0x7c1e55]
V  [jvm.dll+0x520b76]
V  [jvm.dll+0x7d05eb]
V  [jvm.dll+0x7d12e4]
V  [jvm.dll+0x7d17e9]
V  [jvm.dll+0x7d1aa4]
V  [jvm.dll+0x7d1b70]
V  [jvm.dll+0x779b4a]
V  [jvm.dll+0x667666]
C  [ucrtbase.DLL+0x1d912]
C  [KERNEL32.DLL+0x1842]
C  [ntdll.dll+0x3df11]

VM_Operation (0x000000932e1ff3b0): get/set locals, mode: safepoint, requested by thread 0x000000932d66fc70


---------------  P R O C E S S  ---------------

Threads class SMR info:
_java_thread_list=0x000000932eb58960, length=20, elements={
0x00000093152757f0, 0x000000932c8db010, 0x000000932c8dd7b0, 0x000000932c90b010,
0x000000932c90c530, 0x000000932c90ca50, 0x000000932c914470, 0x000000932c914990,
0x000000932d508080, 0x000000932c91cf90, 0x000000932d66fc70, 0x000000932d686c20,
0x000000932d691750, 0x000000932d69e460, 0x000000932d69b9e0, 0x000000932d69df10,
0x000000932d69d470, 0x000000932d69d9c0, 0x000000932d69af40, 0x0000009330a798d0
}

Java Threads: ( => current thread )
  0x00000093152757f0 JavaThread "main" [_thread_blocked, id=6056, stack(0x0000009314920000,0x0000009314a20000)]
  0x000000932c8db010 JavaThread "Reference Handler" daemon [_thread_blocked, id=11000, stack(0x000000932ca20000,0x000000932cb20000)]
  0x000000932c8dd7b0 JavaThread "Finalizer" daemon [_thread_blocked, id=10276, stack(0x000000932d400000,0x000000932d500000)]
  0x000000932c90b010 JavaThread "Signal Dispatcher" daemon [_thread_blocked, id=9540, stack(0x000000932d900000,0x000000932da00000)]
  0x000000932c90c530 JavaThread "Attach Listener" daemon [_thread_blocked, id=1432, stack(0x000000932da00000,0x000000932db00000)]
  0x000000932c90ca50 JavaThread "Service Thread" daemon [_thread_blocked, id=7020, stack(0x000000932db00000,0x000000932dc00000)]
  0x000000932c914470 JavaThread "Monitor Deflation Thread" daemon [_thread_blocked, id=9932, stack(0x000000932dc00000,0x000000932dd00000)]
  0x000000932c914990 JavaThread "C2 CompilerThread0" daemon [_thread_blocked, id=420, stack(0x000000932dd00000,0x000000932de00000)]
  0x000000932d508080 JavaThread "C1 CompilerThread0" daemon [_thread_blocked, id=11300, stack(0x000000932de00000,0x000000932df00000)]
  0x000000932c91cf90 JavaThread "Sweeper thread" daemon [_thread_blocked, id=11420, stack(0x000000932df00000,0x000000932e000000)]
  0x000000932d66fc70 JavaThread "JDWP Transport Listener: dt_socket" daemon [_thread_blocked, id=7556, stack(0x000000932e100000,0x000000932e200000)]
  0x000000932d686c20 JavaThread "JDWP Event Helper Thread" daemon [_thread_blocked, id=11328, stack(0x000000932e200000,0x000000932e300000)]
  0x000000932d691750 JavaThread "JDWP Command Reader" daemon [_thread_in_native, id=10472, stack(0x000000932e300000,0x000000932e400000)]
  0x000000932d69e460 JavaThread "Notification Thread" daemon [_thread_blocked, id=11040, stack(0x000000932e400000,0x000000932e500000)]
  0x000000932d69b9e0 JavaThread "Common-Cleaner" daemon [_thread_blocked, id=10984, stack(0x000000932e600000,0x000000932e700000)]
  0x000000932d69df10 JavaThread "ReaderThread" [_thread_in_native, id=6592, stack(0x000000932f800000,0x000000932f900000)]
  0x000000932d69d470 JavaThread "Exec Default Executor" daemon [_thread_in_native, id=9576, stack(0x0000009332cf0000,0x0000009332df0000)]
  0x000000932d69d9c0 JavaThread "Exec Stream Pumper" daemon [_thread_in_native, id=9404, stack(0x00000093348f0000,0x00000093349f0000)]
  0x000000932d69af40 JavaThread "Exec Stream Pumper" daemon [_thread_in_native, id=10284, stack(0x00000093349f0000,0x0000009334af0000)]
  0x0000009330a798d0 JavaThread "Okio Watchdog" daemon [_thread_blocked, id=9160, stack(0x00000093329d0000,0x0000009332ad0000)]

Other Threads:
=>0x000000932c8a1020 VMThread "VM Thread" [stack: 0x000000932c920000,0x000000932ca20000] [id=11084]
  0x000000932d696380 WatcherThread [stack: 0x000000932e500000,0x000000932e600000] [id=10644]
  0x00000093152a25b0 GCTaskThread "GC Thread#0" [stack: 0x0000009329de0000,0x0000009329ee0000] [id=11988]
  0x000000932edd35f0 GCTaskThread "GC Thread#1" [stack: 0x000000932f900000,0x000000932fa00000] [id=7844]
  0x000000932edd3900 GCTaskThread "GC Thread#2" [stack: 0x000000932fa00000,0x000000932fb00000] [id=11596]
  0x000000932edd16a0 GCTaskThread "GC Thread#3" [stack: 0x000000932fb00000,0x000000932fc00000] [id=12268]
  0x00000093152acce0 ConcurrentGCThread "G1 Main Marker" [stack: 0x0000009329ee0000,0x0000009329fe0000] [id=11616]
  0x00000093152ad580 ConcurrentGCThread "G1 Conc#0" [stack: 0x0000009329fe0000,0x000000932a0e0000] [id=11932]
  0x0000009315303820 ConcurrentGCThread "G1 Refine#0" [stack: 0x000000932c520000,0x000000932c620000] [id=11292]
  0x000000932edd1db0 ConcurrentGCThread "G1 Refine#1" [stack: 0x000000932fd00000,0x000000932fe00000] [id=4924]
  0x0000009315305ce0 ConcurrentGCThread "G1 Service" [stack: 0x000000932c620000,0x000000932c720000] [id=11188]

Threads with active compile tasks:

VM state: at safepoint (normal execution)

VM Mutex/Monitor currently owned by a thread:  ([mutex/lock_event])
[0x00000093152720e0] Threads_lock - owner thread: 0x000000932c8a1020

Heap address: 0x00000000c1c00000, size: 996 MB, Compressed Oops mode: 32-bit

CDS disabled.
Compressed class space mapped at: 0x0000000100000000-0x0000000140000000, reserved size: 1073741824
Narrow klass base: 0x0000000000000000, Narrow klass shift: 3, Narrow klass range: 0x140000000

GC Precious Log:
 CPUs: 4 total, 4 available
 Memory: 3977M
 Large Page Support: Disabled
 NUMA Support: Disabled
 Compressed Oops: Enabled (32-bit)
 Heap Region Size: 1M
 Heap Min Capacity: 8M
 Heap Initial Capacity: 64M
 Heap Max Capacity: 996M
 Pre-touch: Disabled
 Parallel Workers: 4
 Concurrent Workers: 1
 Concurrent Refinement Workers: 4
 Periodic GC: Disabled

Heap:
 garbage-first heap   total 40960K, used 18240K [0x00000000c1c00000, 0x0000000100000000)
  region size 1024K, 8 young (8192K), 2 survivors (2048K)
 Metaspace       used 33898K, committed 34176K, reserved 1081344K
  class space    used 3704K, committed 3840K, reserved 1048576K

Heap Regions: E=young(eden), S=young(survivor), O=old, HS=humongous(starts), HC=humongous(continues), CS=collection set, F=free, OA=open archive, CA=closed archive, TAMS=top-at-mark-start (previous, next)
|   0|0x00000000c1c00000, 0x00000000c1d00000, 0x00000000c1d00000|100%|HS|  |TAMS 0x00000000c1d00000, 0x00000000c1c00000| Complete 
|   1|0x00000000c1d00000, 0x00000000c1e00000, 0x00000000c1e00000|100%| O|  |TAMS 0x00000000c1e00000, 0x00000000c1d00000| Untracked 
|   2|0x00000000c1e00000, 0x00000000c1f00000, 0x00000000c1f00000|100%| O|  |TAMS 0x00000000c1f00000, 0x00000000c1e00000| Untracked 
|   3|0x00000000c1f00000, 0x00000000c2000000, 0x00000000c2000000|100%| O|  |TAMS 0x00000000c2000000, 0x00000000c1f00000| Untracked 
|   4|0x00000000c2000000, 0x00000000c20e6200, 0x00000000c2100000| 89%| O|  |TAMS 0x00000000c20e6200, 0x00000000c2000000| Untracked 
|   5|0x00000000c2100000, 0x00000000c2200000, 0x00000000c2200000|100%| O|  |TAMS 0x00000000c2100000, 0x00000000c2100000| Untracked 
|   6|0x00000000c2200000, 0x00000000c2300000, 0x00000000c2300000|100%| O|  |TAMS 0x00000000c2200000, 0x00000000c2200000| Untracked 
|   7|0x00000000c2300000, 0x00000000c2400000, 0x00000000c2400000|100%| O|  |TAMS 0x00000000c2300000, 0x00000000c2300000| Untracked 
|   8|0x00000000c2400000, 0x00000000c2500000, 0x00000000c2500000|100%| O|  |TAMS 0x00000000c2400000, 0x00000000c2400000| Untracked 
|   9|0x00000000c2500000, 0x00000000c25c4a00, 0x00000000c2600000| 76%| O|  |TAMS 0x00000000c2500000, 0x00000000c2500000| Untracked 
|  10|0x00000000c2600000, 0x00000000c2600000, 0x00000000c2700000|  0%| F|  |TAMS 0x00000000c2600000, 0x00000000c2600000| Untracked 
|  11|0x00000000c2700000, 0x00000000c2700000, 0x00000000c2800000|  0%| F|  |TAMS 0x00000000c2700000, 0x00000000c2700000| Untracked 
|  12|0x00000000c2800000, 0x00000000c2800000, 0x00000000c2900000|  0%| F|  |TAMS 0x00000000c2800000, 0x00000000c2800000| Untracked 
|  13|0x00000000c2900000, 0x00000000c2900000, 0x00000000c2a00000|  0%| F|  |TAMS 0x00000000c2900000, 0x00000000c2900000| Untracked 
|  14|0x00000000c2a00000, 0x00000000c2a00000, 0x00000000c2b00000|  0%| F|  |TAMS 0x00000000c2a00000, 0x00000000c2a00000| Untracked 
|  15|0x00000000c2b00000, 0x00000000c2b00000, 0x00000000c2c00000|  0%| F|  |TAMS 0x00000000c2b00000, 0x00000000c2b00000| Untracked 
|  16|0x00000000c2c00000, 0x00000000c2c00000, 0x00000000c2d00000|  0%| F|  |TAMS 0x00000000c2c00000, 0x00000000c2c00000| Untracked 
|  17|0x00000000c2d00000, 0x00000000c2d00000, 0x00000000c2e00000|  0%| F|  |TAMS 0x00000000c2d00000, 0x00000000c2d00000| Untracked 
|  18|0x00000000c2e00000, 0x00000000c2e00000, 0x00000000c2f00000|  0%| F|  |TAMS 0x00000000c2e00000, 0x00000000c2e00000| Untracked 
|  19|0x00000000c2f00000, 0x00000000c2f00000, 0x00000000c3000000|  0%| F|  |TAMS 0x00000000c2f00000, 0x00000000c2f00000| Untracked 
|  20|0x00000000c3000000, 0x00000000c30257e8, 0x00000000c3100000| 14%| S|CS|TAMS 0x00000000c3000000, 0x00000000c3000000| Complete 
|  21|0x00000000c3100000, 0x00000000c3200000, 0x00000000c3200000|100%| S|CS|TAMS 0x00000000c3100000, 0x00000000c3100000| Complete 
|  22|0x00000000c3200000, 0x00000000c3200000, 0x00000000c3300000|  0%| F|  |TAMS 0x00000000c3200000, 0x00000000c3200000| Untracked 
|  23|0x00000000c3300000, 0x00000000c3300000, 0x00000000c3400000|  0%| F|  |TAMS 0x00000000c3300000, 0x00000000c3300000| Untracked 
|  24|0x00000000c3400000, 0x00000000c3400000, 0x00000000c3500000|  0%| F|  |TAMS 0x00000000c3400000, 0x00000000c3400000| Untracked 
|  25|0x00000000c3500000, 0x00000000c3500000, 0x00000000c3600000|  0%| F|  |TAMS 0x00000000c3500000, 0x00000000c3500000| Untracked 
|  26|0x00000000c3600000, 0x00000000c3600000, 0x00000000c3700000|  0%| F|  |TAMS 0x00000000c3600000, 0x00000000c3600000| Untracked 
|  27|0x00000000c3700000, 0x00000000c3700000, 0x00000000c3800000|  0%| F|  |TAMS 0x00000000c3700000, 0x00000000c3700000| Untracked 
|  28|0x00000000c3800000, 0x00000000c3800000, 0x00000000c3900000|  0%| F|  |TAMS 0x00000000c3800000, 0x00000000c3800000| Untracked 
|  29|0x00000000c3900000, 0x00000000c3900000, 0x00000000c3a00000|  0%| F|  |TAMS 0x00000000c3900000, 0x00000000c3900000| Untracked 
|  30|0x00000000c3a00000, 0x00000000c3a00000, 0x00000000c3b00000|  0%| F|  |TAMS 0x00000000c3a00000, 0x00000000c3a00000| Untracked 
|  31|0x00000000c3b00000, 0x00000000c3b00000, 0x00000000c3c00000|  0%| F|  |TAMS 0x00000000c3b00000, 0x00000000c3b00000| Untracked 
|  32|0x00000000c3c00000, 0x00000000c3cbab50, 0x00000000c3d00000| 72%| E|  |TAMS 0x00000000c3c00000, 0x00000000c3c00000| Complete 
|  43|0x00000000c4700000, 0x00000000c4800000, 0x00000000c4800000|100%| E|CS|TAMS 0x00000000c4700000, 0x00000000c4700000| Complete 
|  44|0x00000000c4800000, 0x00000000c4900000, 0x00000000c4900000|100%| E|CS|TAMS 0x00000000c4800000, 0x00000000c4800000| Complete 
|  45|0x00000000c4900000, 0x00000000c4a00000, 0x00000000c4a00000|100%| E|CS|TAMS 0x00000000c4900000, 0x00000000c4900000| Complete 
|  46|0x00000000c4a00000, 0x00000000c4b00000, 0x00000000c4b00000|100%| E|CS|TAMS 0x00000000c4a00000, 0x00000000c4a00000| Complete 
|  63|0x00000000c5b00000, 0x00000000c5c00000, 0x00000000c5c00000|100%| E|CS|TAMS 0x00000000c5b00000, 0x00000000c5b00000| Complete 
| 994|0x00000000ffe00000, 0x00000000fff00000, 0x00000000fff00000|100%| O|  |TAMS 0x00000000ffe00000, 0x00000000ffe00000| Untracked 
| 995|0x00000000fff00000, 0x0000000100000000, 0x0000000100000000|100%| O|  |TAMS 0x00000000fff00000, 0x00000000fff00000| Untracked 

Card table byte_map: [0x0000009327ac0000,0x0000009327cc0000] _byte_map_base: 0x00000093274b2000

Marking Bits (Prev, Next): (CMBitMap*) 0x00000093152a3a90, (CMBitMap*) 0x00000093152a3a50
 Prev Bits: [0x0000009328e50000, 0x0000009329de0000)
 Next Bits: [0x0000009327ec0000, 0x0000009328e50000)

Polling page: 0x0000009313110000

Metaspace:

Usage:
  Non-class:     29.49 MB used.
      Class:      3.62 MB used.
       Both:     33.10 MB used.

Virtual space:
  Non-class space:       32.00 MB reserved,      29.63 MB ( 93%) committed,  4 nodes.
      Class space:        1.00 GB reserved,       3.75 MB ( <1%) committed,  1 nodes.
              Both:        1.03 GB reserved,      33.38 MB (  3%) committed. 

Chunk freelists:
   Non-Class:  2.33 MB
       Class:  253.00 KB
        Both:  2.58 MB

MaxMetaspaceSize: 17179869184.00 GB
CompressedClassSpaceSize: 1.00 GB
 - commit_granule_bytes: 65536.
 - commit_granule_words: 8192.
 - virtual_space_node_default_size: 1048576.
 - enlarge_chunks_in_place: 1.
 - new_chunks_are_fully_committed: 0.
 - uncommit_free_chunks: 1.
 - use_allocation_guard: 0.
 - handle_deallocations: 1.


Internal statistics:

num_allocs_failed_limit: 3.
num_arena_births: 230.
num_arena_deaths: 0.
num_vsnodes_births: 5.
num_vsnodes_deaths: 0.
num_space_committed: 534.
num_space_uncommitted: 0.
num_chunks_returned_to_freelist: 3.
num_chunks_taken_from_freelist: 959.
num_chunk_merges: 3.
num_chunk_splits: 637.
num_chunks_enlarged: 480.
num_purges: 0.

CodeHeap 'non-profiled nmethods': size=120000Kb used=1514Kb max_used=1514Kb free=118485Kb
 bounds [0x0000009320280000, 0x00000093204f0000, 0x00000093277b0000]
CodeHeap 'profiled nmethods': size=120000Kb used=7441Kb max_used=7441Kb free=112558Kb
 bounds [0x0000009318d50000, 0x00000093194a0000, 0x0000009320280000]
CodeHeap 'non-nmethods': size=5760Kb used=1323Kb max_used=1383Kb free=4436Kb
 bounds [0x00000093187b0000, 0x0000009318a20000, 0x0000009318d50000]
 total_blobs=3994 nmethods=3435 adapters=471
 compilation: enabled
              stopped_count=0, restarted_count=0
 full_count=0

Compilation events (20 events):
Event: 32.381 Thread 0x000000932d508080 3425       1       org.openqa.selenium.remote.SessionId::toString (5 bytes)
Event: 32.381 Thread 0x000000932d508080 nmethod 3425 0x00000093203f9c90 code [0x00000093203f9e20, 0x00000093203f9ef8]
Event: 32.386 Thread 0x000000932c914990 3434       4       com.google.common.base.Preconditions::checkNotNull (14 bytes)
Event: 32.386 Thread 0x000000932d508080 3435       3       com.google.common.base.CharMatcher::<init> (5 bytes)
Event: 32.387 Thread 0x000000932d508080 nmethod 3435 0x0000009319490690 code [0x0000009319490840, 0x0000009319490998]
Event: 32.387 Thread 0x000000932d508080 3436       3       com.google.common.collect.Maps::capacity (34 bytes)
Event: 32.387 Thread 0x000000932c914990 nmethod 3434 0x00000093203f9f90 code [0x00000093203fa100, 0x00000093203fa178]
Event: 32.387 Thread 0x000000932d508080 nmethod 3436 0x0000009319490a90 code [0x0000009319490c80, 0x0000009319490ea8]
Event: 32.387 Thread 0x000000932d508080 3439       3       org.openqa.selenium.json.JsonInput::readString (129 bytes)
Event: 32.388 Thread 0x000000932d508080 nmethod 3439 0x0000009319490f90 code [0x0000009319491380, 0x0000009319492788]
Event: 32.388 Thread 0x000000932d508080 3438       3       java.util.stream.Collectors$CollectorImpl::<init> (32 bytes)
Event: 32.388 Thread 0x000000932d508080 nmethod 3438 0x0000009319492f90 code [0x0000009319493140, 0x0000009319493478]
Event: 32.388 Thread 0x000000932d508080 3437       3       com.google.common.collect.CollectPreconditions::checkNonnegative (37 bytes)
Event: 32.389 Thread 0x000000932d508080 nmethod 3437 0x0000009319493510 code [0x0000009319493760, 0x0000009319493e48]
Event: 32.403 Thread 0x000000932c914990 3440       4       com.google.common.base.CharMatcher$Negated::matches (17 bytes)
Event: 32.403 Thread 0x000000932c914990 nmethod 3440 0x00000093203fa290 code [0x00000093203fa420, 0x00000093203fa4d8]
Event: 32.414 Thread 0x000000932d508080 3441       3       java.util.ArrayDeque::sub (14 bytes)
Event: 32.414 Thread 0x000000932d508080 nmethod 3441 0x0000009319494110 code [0x00000093194942a0, 0x00000093194943d8]
Event: 32.416 Thread 0x000000932c914990 3442       4       java.util.Formatter$Conversion::isGeneral (64 bytes)
Event: 32.417 Thread 0x000000932c914990 nmethod 3442 0x00000093203fa590 code [0x00000093203fa720, 0x00000093203fa7f8]

GC Heap History (12 events):
Event: 0.867 GC heap before
{Heap before GC invocations=0 (full 0):
 garbage-first heap   total 65536K, used 14336K [0x00000000c1c00000, 0x0000000100000000)
  region size 1024K, 13 young (13312K), 0 survivors (0K)
 Metaspace       used 12899K, committed 13056K, reserved 1064960K
  class space    used 1210K, committed 1280K, reserved 1048576K
}
Event: 0.872 GC heap after
{Heap after GC invocations=1 (full 0):
 garbage-first heap   total 65536K, used 4954K [0x00000000c1c00000, 0x0000000100000000)
  region size 1024K, 2 young (2048K), 2 survivors (2048K)
 Metaspace       used 12899K, committed 13056K, reserved 1064960K
  class space    used 1210K, committed 1280K, reserved 1048576K
}
Event: 1.452 GC heap before
{Heap before GC invocations=1 (full 0):
 garbage-first heap   total 65536K, used 15194K [0x00000000c1c00000, 0x0000000100000000)
  region size 1024K, 13 young (13312K), 2 survivors (2048K)
 Metaspace       used 17056K, committed 17280K, reserved 1064960K
  class space    used 1672K, committed 1792K, reserved 1048576K
}
Event: 1.457 GC heap after
{Heap after GC invocations=2 (full 0):
 garbage-first heap   total 65536K, used 6469K [0x00000000c1c00000, 0x0000000100000000)
  region size 1024K, 2 young (2048K), 2 survivors (2048K)
 Metaspace       used 17056K, committed 17280K, reserved 1064960K
  class space    used 1672K, committed 1792K, reserved 1048576K
}
Event: 1.881 GC heap before
{Heap before GC invocations=2 (full 0):
 garbage-first heap   total 65536K, used 19781K [0x00000000c1c00000, 0x0000000100000000)
  region size 1024K, 17 young (17408K), 2 survivors (2048K)
 Metaspace       used 21056K, committed 21248K, reserved 1073152K
  class space    used 2142K, committed 2240K, reserved 1048576K
}
Event: 1.887 GC heap after
{Heap after GC invocations=3 (full 0):
 garbage-first heap   total 65536K, used 8399K [0x00000000c1c00000, 0x0000000100000000)
  region size 1024K, 4 young (4096K), 4 survivors (4096K)
 Metaspace       used 21056K, committed 21248K, reserved 1073152K
  class space    used 2142K, committed 2240K, reserved 1048576K
}
Event: 2.731 GC heap before
{Heap before GC invocations=4 (full 0):
 garbage-first heap   total 34816K, used 33999K [0x00000000c1c00000, 0x0000000100000000)
  region size 1024K, 29 young (29696K), 4 survivors (4096K)
 Metaspace       used 25399K, committed 25664K, reserved 1073152K
  class space    used 2610K, committed 2752K, reserved 1048576K
}
Event: 2.739 GC heap after
{Heap after GC invocations=5 (full 0):
 garbage-first heap   total 40960K, used 10009K [0x00000000c1c00000, 0x0000000100000000)
  region size 1024K, 4 young (4096K), 4 survivors (4096K)
 Metaspace       used 25399K, committed 25664K, reserved 1073152K
  class space    used 2610K, committed 2752K, reserved 1048576K
}
Event: 3.372 GC heap before
{Heap before GC invocations=5 (full 0):
 garbage-first heap   total 40960K, used 27417K [0x00000000c1c00000, 0x0000000100000000)
  region size 1024K, 21 young (21504K), 4 survivors (4096K)
 Metaspace       used 29794K, committed 30016K, reserved 1081344K
  class space    used 3154K, committed 3264K, reserved 1048576K
}
Event: 3.379 GC heap after
{Heap after GC invocations=6 (full 0):
 garbage-first heap   total 40960K, used 11796K [0x00000000c1c00000, 0x0000000100000000)
  region size 1024K, 3 young (3072K), 3 survivors (3072K)
 Metaspace       used 29794K, committed 30016K, reserved 1081344K
  class space    used 3154K, committed 3264K, reserved 1048576K
}
Event: 31.619 GC heap before
{Heap before GC invocations=6 (full 0):
 garbage-first heap   total 40960K, used 27156K [0x00000000c1c00000, 0x0000000100000000)
  region size 1024K, 19 young (19456K), 3 survivors (3072K)
 Metaspace       used 33671K, committed 33920K, reserved 1081344K
  class space    used 3683K, committed 3776K, reserved 1048576K
}
Event: 31.624 GC heap after
{Heap after GC invocations=7 (full 0):
 garbage-first heap   total 40960K, used 13120K [0x00000000c1c00000, 0x0000000100000000)
  region size 1024K, 2 young (2048K), 2 survivors (2048K)
 Metaspace       used 33671K, committed 33920K, reserved 1081344K
  class space    used 3683K, committed 3776K, reserved 1048576K
}

Deoptimization events (20 events):
Event: 32.416 Thread 0x00000093152757f0 DEOPT PACKING pc=0x000000931944d41c sp=0x0000009314a1cea0
Event: 32.416 Thread 0x00000093152757f0 DEOPT UNPACKING pc=0x00000093187fdece sp=0x0000009314a1c3f0 mode 1
Event: 32.416 Thread 0x00000093152757f0 DEOPT PACKING pc=0x0000009319451f54 sp=0x0000009314a1cfb0
Event: 32.416 Thread 0x00000093152757f0 DEOPT UNPACKING pc=0x00000093187fdece sp=0x0000009314a1c4c0 mode 1
Event: 32.416 Thread 0x00000093152757f0 DEOPT PACKING pc=0x000000931944d41c sp=0x0000009314a1d020
Event: 32.416 Thread 0x00000093152757f0 DEOPT UNPACKING pc=0x00000093187fdece sp=0x0000009314a1c570 mode 1
Event: 32.416 Thread 0x00000093152757f0 DEOPT PACKING pc=0x0000009319451f54 sp=0x0000009314a1d130
Event: 32.416 Thread 0x00000093152757f0 DEOPT UNPACKING pc=0x00000093187fdece sp=0x0000009314a1c640 mode 1
Event: 32.416 Thread 0x00000093152757f0 DEOPT PACKING pc=0x000000931944d41c sp=0x0000009314a1cfa0
Event: 32.416 Thread 0x00000093152757f0 DEOPT UNPACKING pc=0x00000093187fdece sp=0x0000009314a1c4f0 mode 1
Event: 32.416 Thread 0x00000093152757f0 DEOPT PACKING pc=0x0000009319451f54 sp=0x0000009314a1d0b0
Event: 32.416 Thread 0x00000093152757f0 DEOPT UNPACKING pc=0x00000093187fdece sp=0x0000009314a1c5c0 mode 1
Event: 32.416 Thread 0x00000093152757f0 DEOPT PACKING pc=0x000000931944d41c sp=0x0000009314a1cf20
Event: 32.416 Thread 0x00000093152757f0 DEOPT UNPACKING pc=0x00000093187fdece sp=0x0000009314a1c470 mode 1
Event: 32.416 Thread 0x00000093152757f0 DEOPT PACKING pc=0x0000009319451f54 sp=0x0000009314a1d030
Event: 32.416 Thread 0x00000093152757f0 DEOPT UNPACKING pc=0x00000093187fdece sp=0x0000009314a1c540 mode 1
Event: 32.416 Thread 0x00000093152757f0 DEOPT PACKING pc=0x000000931944d41c sp=0x0000009314a1cea0
Event: 32.416 Thread 0x00000093152757f0 DEOPT UNPACKING pc=0x00000093187fdece sp=0x0000009314a1c3f0 mode 1
Event: 32.416 Thread 0x00000093152757f0 DEOPT PACKING pc=0x0000009319451f54 sp=0x0000009314a1cfb0
Event: 32.416 Thread 0x00000093152757f0 DEOPT UNPACKING pc=0x00000093187fdece sp=0x0000009314a1c4c0 mode 1

Classes unloaded (0 events):
No events

Classes redefined (10 events):
Event: 183.739 Thread 0x000000932c8a1020 redefined class name=com.crm.vtiger.contacts.CreateNewContactWithOrganizationNameTest, count=1
Event: 271.219 Thread 0x000000932c8a1020 redefined class name=com.crm.vtiger.contacts.CreateNewContactWithOrganizationNameTest, count=2
Event: 308.449 Thread 0x000000932c8a1020 redefined class name=com.crm.vtiger.contacts.CreateNewContactWithOrganizationNameTest, count=3
Event: 509.537 Thread 0x000000932c8a1020 redefined class name=com.crm.vtiger.contacts.CreateNewContactWithOrganizationNameTest, count=4
Event: 537.440 Thread 0x000000932c8a1020 redefined class name=com.crm.vtiger.contacts.CreateNewContactWithOrganizationNameTest, count=5
Event: 645.704 Thread 0x000000932c8a1020 redefined class name=com.crm.vtiger.contacts.CreateNewContactWithOrganizationNameTest, count=6
Event: 679.574 Thread 0x000000932c8a1020 redefined class name=com.crm.vtiger.contacts.CreateNewContactWithOrganizationNameTest, count=7
Event: 684.538 Thread 0x000000932c8a1020 redefined class name=com.crm.vtiger.contacts.CreateNewContactWithOrganizationNameTest, count=8
Event: 1059.240 Thread 0x000000932c8a1020 redefined class name=com.crm.vtiger.contacts.CreateNewContactWithOrganizationNameTest, count=9
Event: 1788.129 Thread 0x000000932c8a1020 redefined class name=com.objectRepository.CreateNewContactPage, count=1

Internal exceptions (20 events):
Event: 3.350 Thread 0x00000093152757f0 Implicit null exception at 0x00000093202e5b88 to 0x00000093202e6249
Event: 3.428 Thread 0x000000932d69d470 Exception <a 'java/lang/NoSuchMethodError'{0x00000000c4a0d808}: 'void java.lang.invoke.DirectMethodHandle$Holder.invokeStatic(java.lang.Object, long)'> (0x00000000c4a0d808) 
thrown [t:\workspace\open\src\hotspot\share\interpreter\linkResolver.cpp, line 790]
Event: 3.430 Thread 0x000000932d69d470 Exception <a 'java/lang/NoSuchMethodError'{0x00000000c4a12de0}: 'java.lang.Object java.lang.invoke.DirectMethodHandle$Holder.newInvokeSpecial(java.lang.Object, long)'> (0x00000000c4a12de0) 
thrown [t:\workspace\open\src\hotspot\share\interpreter\linkResolver.cpp, line 790]
Event: 3.433 Thread 0x000000932d69d470 Exception <a 'java/lang/NoSuchMethodError'{0x00000000c4a1d438}: 'java.lang.Object java.lang.invoke.DirectMethodHandle$Holder.invokeStaticInit(java.lang.Object, java.lang.Object, long, java.lang.Object)'> (0x00000000c4a1d438) 
thrown [t:\workspace\open\src\hotspot\share\interpreter\linkResolver.cpp, line 790]
Event: 3.434 Thread 0x000000932d69d470 Exception <a 'java/lang/NoSuchMethodError'{0x00000000c4a237b0}: 'java.lang.Object java.lang.invoke.DirectMethodHandle$Holder.newInvokeSpecial(java.lang.Object, java.lang.Object, long)'> (0x00000000c4a237b0) 
thrown [t:\workspace\open\src\hotspot\share\interpreter\linkResolver.cpp, line 790]
Event: 3.434 Thread 0x000000932d69d470 Exception <a 'java/lang/NoSuchMethodError'{0x00000000c4a27520}: 'java.lang.Object java.lang.invoke.Invokers$Holder.linkToTargetMethod(java.lang.Object, long, java.lang.Object)'> (0x00000000c4a27520) 
thrown [t:\workspace\open\src\hotspot\share\interpreter\linkResolver.cpp, line 790]
Event: 3.970 Thread 0x000000932d69c9d0 Exception <a 'java/net/SocketException'{0x00000000c5bdf658}: Socket is not connected: shutdown> (0x00000000c5bdf658) 
thrown [t:\workspace\open\src\hotspot\share\prims\jni.cpp, line 600]
Event: 4.029 Thread 0x00000093152757f0 Exception <a 'java/lang/NoSuchMethodError'{0x00000000c4add908}: 'java.lang.Object java.lang.invoke.DirectMethodHandle$Holder.invokeInterface(java.lang.Object, java.lang.Object, java.lang.Object)'> (0x00000000c4add908) 
thrown [t:\workspace\open\src\hotspot\share\interpreter\linkResolver.cpp, line 790]
Event: 4.030 Thread 0x00000093152757f0 Exception <a 'java/lang/IncompatibleClassChangeError'{0x00000000c4ae1488}: Found class java.lang.Object, but interface was expected> (0x00000000c4ae1488) 
thrown [t:\workspace\open\src\hotspot\share\interpreter\linkResolver.cpp, line 857]
Event: 4.033 Thread 0x00000093152757f0 Exception <a 'java/lang/NoSuchMethodError'{0x00000000c4ae80d8}: 'int java.lang.invoke.DirectMethodHandle$Holder.invokeSpecialIFC(java.lang.Object, java.lang.Object, java.lang.Object, java.lang.Object)'> (0x00000000c4ae80d8) 
thrown [t:\workspace\open\src\hotspot\share\interpreter\linkResolver.cpp, line 790]
Event: 4.036 Thread 0x00000093152757f0 Exception <a 'java/lang/NoSuchMethodError'{0x00000000c4af0930}: 'java.lang.Object java.lang.invoke.DirectMethodHandle$Holder.invokeInterface(java.lang.Object, java.lang.Object, java.lang.Object, java.lang.Object)'> (0x00000000c4af0930) 
thrown [t:\workspace\open\src\hotspot\share\interpreter\linkResolver.cpp, line 790]
Event: 4.049 Thread 0x00000093152757f0 Exception <a 'java/lang/NoSuchMethodError'{0x00000000c491ee68}: 'java.lang.Object java.lang.invoke.DirectMethodHandle$Holder.invokeVirtual(java.lang.Object, java.lang.Object, java.lang.Object)'> (0x00000000c491ee68) 
thrown [t:\workspace\open\src\hotspot\share\interpreter\linkResolver.cpp, line 790]
Event: 4.078 Thread 0x00000093152757f0 Exception <a 'java/lang/NoSuchMethodError'{0x00000000c49f2648}: 'double java.lang.invoke.DirectMethodHandle$Holder.invokeVirtual(java.lang.Object, java.lang.Object)'> (0x00000000c49f2648) 
thrown [t:\workspace\open\src\hotspot\share\interpreter\linkResolver.cpp, line 790]
Event: 4.079 Thread 0x00000093152757f0 Exception <a 'java/lang/NoSuchMethodError'{0x00000000c49f9290}: 'float java.lang.invoke.DirectMethodHandle$Holder.invokeVirtual(java.lang.Object, java.lang.Object)'> (0x00000000c49f9290) 
thrown [t:\workspace\open\src\hotspot\share\interpreter\linkResolver.cpp, line 790]
Event: 4.080 Thread 0x00000093152757f0 Exception <a 'java/lang/NoSuchMethodError'{0x00000000c4802de8}: 'long java.lang.invoke.DirectMethodHandle$Holder.invokeVirtual(java.lang.Object, java.lang.Object)'> (0x00000000c4802de8) 
thrown [t:\workspace\open\src\hotspot\share\interpreter\linkResolver.cpp, line 790]
Event: 4.112 Thread 0x00000093152757f0 Exception <a 'java/lang/NoSuchMethodError'{0x00000000c4753da0}: 'void java.lang.invoke.DirectMethodHandle$Holder.invokeSpecial(java.lang.Object, java.lang.Object, java.lang.Object, java.lang.Object, java.lang.Object)'> (0x00000000c4753da0) 
thrown [t:\workspace\open\src\hotspot\share\interpreter\linkResolver.cpp, line 790]
Event: 4.136 Thread 0x00000093152757f0 Exception <a 'java/lang/NoSuchMethodError'{0x00000000c3c237f8}: 'java.lang.Object java.lang.invoke.DirectMethodHandle$Holder.newInvokeSpecial(java.lang.Object, java.lang.Object, java.lang.Object, java.lang.Object, java.lang.Object)'> (0x00000000c3c237f8) 
thrown [t:\workspace\open\src\hotspot\share\interpreter\linkResolver.cpp, line 790]
Event: 5.496 Thread 0x00000093152757f0 Exception <a 'java/lang/NoSuchMethodError'{0x00000000c3529710}: 'java.lang.Object java.lang.invoke.DirectMethodHandle$Holder.invokeSpecialIFC(java.lang.Object, java.lang.Object, java.lang.Object)'> (0x00000000c3529710) 
thrown [t:\workspace\open\src\hotspot\share\interpreter\linkResolver.cpp, line 790]
Event: 5.518 Thread 0x00000093152757f0 Exception <a 'java/lang/ClassNotFoundException'{0x00000000c35696c0}: sun/util/logging/resources/spi/loggingProvider> (0x00000000c35696c0) 
thrown [t:\workspace\open\src\hotspot\share\classfile\systemDictionary.cpp, line 256]
Event: 123.488 Thread 0x00000093152757f0 Exception <a 'java/lang/ClassNotFoundException'{0x00000000c3c408e8}: sun/misc/SharedSecrets> (0x00000000c3c408e8) 
thrown [t:\workspace\open\src\hotspot\share\classfile\systemDictionary.cpp, line 256]

Events (20 events):
Event: 684.560 Executing  VM operation: ChangeBreakpoints done
Event: 684.568 Executing  VM operation: ChangeBreakpoints
Event: 684.570 Executing  VM operation: ChangeBreakpoints done
Event: 684.578 Executing  VM operation: ChangeBreakpoints
Event: 684.580 Executing  VM operation: ChangeBreakpoints done
Event: 684.588 Executing  VM operation: ChangeBreakpoints
Event: 684.590 Executing  VM operation: ChangeBreakpoints done
Event: 1059.233 Executing  VM operation: RedefineClasses
Event: 1059.251 Executing  VM operation: RedefineClasses done
Event: 1059.260 Executing  VM operation: ChangeBreakpoints
Event: 1059.262 Executing  VM operation: ChangeBreakpoints done
Event: 1059.272 Executing  VM operation: ChangeBreakpoints
Event: 1059.273 Executing  VM operation: ChangeBreakpoints done
Event: 1059.285 Executing  VM operation: ChangeBreakpoints
Event: 1059.287 Executing  VM operation: ChangeBreakpoints done
Event: 1059.298 Executing  VM operation: ChangeBreakpoints
Event: 1059.299 Executing  VM operation: ChangeBreakpoints done
Event: 1788.121 Executing  VM operation: RedefineClasses
Event: 1788.141 Executing  VM operation: RedefineClasses done
Event: 1841.176 Executing  VM operation: get/set locals


Dynamic libraries:
0x000007f6e7b30000 - 0x000007f6e7b3e000 	C:\Users\Prasad\Desktop\softwares\eclipse\plugins\org.eclipse.justj.openjdk.hotspot.jre.full.win32.x86_64_16.0.1.v20210528-1205\jre\bin\javaw.exe
0x000007f8eec40000 - 0x000007f8eedfd000 	C:\Windows\SYSTEM32\ntdll.dll
0x000007f8eea00000 - 0x000007f8eeb37000 	C:\Windows\system32\KERNEL32.DLL
0x000007f8ebb80000 - 0x000007f8ebc74000 	C:\Windows\system32\KERNELBASE.dll
0x000007f8e8620000 - 0x000007f8e8638000 	C:\Users\Prasad\Desktop\softwares\eclipse\plugins\org.eclipse.justj.openjdk.hotspot.jre.full.win32.x86_64_16.0.1.v20210528-1205\jre\bin\jli.dll
0x000007f8e8470000 - 0x000007f8e8489000 	C:\Users\Prasad\Desktop\softwares\eclipse\plugins\org.eclipse.justj.openjdk.hotspot.jre.full.win32.x86_64_16.0.1.v20210528-1205\jre\bin\VCRUNTIME140.dll
0x000007f8e8300000 - 0x000007f8e8304000 	C:\Users\Prasad\Desktop\softwares\eclipse\plugins\org.eclipse.justj.openjdk.hotspot.jre.full.win32.x86_64_16.0.1.v20210528-1205\jre\bin\api-ms-win-crt-stdio-l1-1-0.dll
0x000007f8e8000000 - 0x000007f8e8004000 	C:\Users\Prasad\Desktop\softwares\eclipse\plugins\org.eclipse.justj.openjdk.hotspot.jre.full.win32.x86_64_16.0.1.v20210528-1205\jre\bin\api-ms-win-crt-runtime-l1-1-0.dll
0x000007f8e7ff0000 - 0x000007f8e7ff3000 	C:\Users\Prasad\Desktop\softwares\eclipse\plugins\org.eclipse.justj.openjdk.hotspot.jre.full.win32.x86_64_16.0.1.v20210528-1205\jre\bin\api-ms-win-crt-environment-l1-1-0.dll
0x000007f8e7450000 - 0x000007f8e7455000 	C:\Users\Prasad\Desktop\softwares\eclipse\plugins\org.eclipse.justj.openjdk.hotspot.jre.full.win32.x86_64_16.0.1.v20210528-1205\jre\bin\api-ms-win-crt-math-l1-1-0.dll
0x000007f8e7440000 - 0x000007f8e7443000 	C:\Users\Prasad\Desktop\softwares\eclipse\plugins\org.eclipse.justj.openjdk.hotspot.jre.full.win32.x86_64_16.0.1.v20210528-1205\jre\bin\api-ms-win-crt-locale-l1-1-0.dll
0x000007f8e6cb0000 - 0x000007f8e6cb3000 	C:\Users\Prasad\Desktop\softwares\eclipse\plugins\org.eclipse.justj.openjdk.hotspot.jre.full.win32.x86_64_16.0.1.v20210528-1205\jre\bin\api-ms-win-crt-heap-l1-1-0.dll
0x000007f8e9360000 - 0x000007f8e95ca000 	C:\Windows\WinSxS\amd64_microsoft.windows.common-controls_6595b64144ccf1df_6.0.9200.17359_none_4188b989718cf1c6\COMCTL32.dll
0x000007f8ee2f0000 - 0x000007f8ee43c000 	C:\Windows\system32\USER32.dll
0x000007f8e6ca0000 - 0x000007f8e6ca3000 	C:\Users\Prasad\Desktop\softwares\eclipse\plugins\org.eclipse.justj.openjdk.hotspot.jre.full.win32.x86_64_16.0.1.v20210528-1205\jre\bin\api-ms-win-crt-filesystem-l1-1-0.dll
0x000007f8e6150000 - 0x000007f8e6154000 	C:\Users\Prasad\Desktop\softwares\eclipse\plugins\org.eclipse.justj.openjdk.hotspot.jre.full.win32.x86_64_16.0.1.v20210528-1205\jre\bin\api-ms-win-crt-string-l1-1-0.dll
0x000007f8e6140000 - 0x000007f8e6144000 	C:\Users\Prasad\Desktop\softwares\eclipse\plugins\org.eclipse.justj.openjdk.hotspot.jre.full.win32.x86_64_16.0.1.v20210528-1205\jre\bin\api-ms-win-crt-convert-l1-1-0.dll
0x000007f8edcc0000 - 0x000007f8edd65000 	C:\Windows\system32\msvcrt.dll
0x000007f8edb70000 - 0x000007f8edcb1000 	C:\Windows\system32\GDI32.dll
0x000007f8e1330000 - 0x000007f8e142a000 	C:\Users\Prasad\Desktop\softwares\eclipse\plugins\org.eclipse.justj.openjdk.hotspot.jre.full.win32.x86_64_16.0.1.v20210528-1205\jre\bin\ucrtbase.DLL
0x000007f8ed9b0000 - 0x000007f8ed9e9000 	C:\Windows\system32\IMM32.DLL
0x000007f8ec0e0000 - 0x000007f8ec1f6000 	C:\Windows\system32\MSCTF.dll
0x000007f8e9190000 - 0x000007f8e919c000 	C:\Users\Prasad\Desktop\softwares\eclipse\plugins\org.eclipse.justj.openjdk.hotspot.jre.full.win32.x86_64_16.0.1.v20210528-1205\jre\bin\vcruntime140_1.dll
0x000007f8e1490000 - 0x000007f8e1521000 	C:\Users\Prasad\Desktop\softwares\eclipse\plugins\org.eclipse.justj.openjdk.hotspot.jre.full.win32.x86_64_16.0.1.v20210528-1205\jre\bin\msvcp140.dll
0x000007f8e5f70000 - 0x000007f8e5f73000 	C:\Users\Prasad\Desktop\softwares\eclipse\plugins\org.eclipse.justj.openjdk.hotspot.jre.full.win32.x86_64_16.0.1.v20210528-1205\jre\bin\api-ms-win-crt-time-l1-1-0.dll
0x000007f8e5f60000 - 0x000007f8e5f63000 	C:\Users\Prasad\Desktop\softwares\eclipse\plugins\org.eclipse.justj.openjdk.hotspot.jre.full.win32.x86_64_16.0.1.v20210528-1205\jre\bin\api-ms-win-crt-utility-l1-1-0.dll
0x000007f8cbb80000 - 0x000007f8cc72b000 	C:\Users\Prasad\Desktop\softwares\eclipse\plugins\org.eclipse.justj.openjdk.hotspot.jre.full.win32.x86_64_16.0.1.v20210528-1205\jre\bin\server\jvm.dll
0x000007f8ee070000 - 0x000007f8ee14e000 	C:\Windows\system32\ADVAPI32.dll
0x000007f8e47e0000 - 0x000007f8e47e9000 	C:\Windows\SYSTEM32\WSOCK32.dll
0x000007f8e76d0000 - 0x000007f8e76f0000 	C:\Windows\SYSTEM32\WINMM.dll
0x000007f8ea450000 - 0x000007f8ea459000 	C:\Windows\SYSTEM32\VERSION.dll
0x000007f8ec260000 - 0x000007f8ec267000 	C:\Windows\system32\PSAPI.DLL
0x000007f8ec270000 - 0x000007f8ec2b8000 	C:\Windows\SYSTEM32\sechost.dll
0x000007f8ee8a0000 - 0x000007f8ee9e5000 	C:\Windows\system32\RPCRT4.dll
0x000007f8ed950000 - 0x000007f8ed9a8000 	C:\Windows\system32\WS2_32.dll
0x000007f8e7690000 - 0x000007f8e76c3000 	C:\Windows\SYSTEM32\WINMMBASE.dll
0x000007f8ed9f0000 - 0x000007f8ed9f9000 	C:\Windows\system32\NSI.dll
0x000007f8ebfc0000 - 0x000007f8ec00f000 	C:\Windows\SYSTEM32\cfgmgr32.dll
0x000007f8ebdb0000 - 0x000007f8ebdd2000 	C:\Windows\system32\DEVOBJ.dll
0x000007f8e2d50000 - 0x000007f8e2d5a000 	C:\Users\Prasad\Desktop\softwares\eclipse\plugins\org.eclipse.justj.openjdk.hotspot.jre.full.win32.x86_64_16.0.1.v20210528-1205\jre\bin\jimage.dll
0x000007f8e7960000 - 0x000007f8e7ac3000 	C:\Windows\SYSTEM32\DBGHELP.DLL
0x000007f8e5ee0000 - 0x000007f8e5f1b000 	C:\Users\Prasad\Desktop\softwares\eclipse\plugins\org.eclipse.justj.openjdk.hotspot.jre.full.win32.x86_64_16.0.1.v20210528-1205\jre\bin\jdwp.dll
0x000007f8e0610000 - 0x000007f8e0635000 	C:\Users\Prasad\Desktop\softwares\eclipse\plugins\org.eclipse.justj.openjdk.hotspot.jre.full.win32.x86_64_16.0.1.v20210528-1205\jre\bin\java.dll
0x000007f8e0090000 - 0x000007f8e00a8000 	C:\Users\Prasad\Desktop\softwares\eclipse\plugins\org.eclipse.justj.openjdk.hotspot.jre.full.win32.x86_64_16.0.1.v20210528-1205\jre\bin\zip.dll
0x000007f8ec2c0000 - 0x000007f8ed5a5000 	C:\Windows\system32\SHELL32.dll
0x000007f8ed7a0000 - 0x000007f8ed950000 	C:\Windows\SYSTEM32\combase.dll
0x000007f8eeb40000 - 0x000007f8eeb90000 	C:\Windows\system32\SHLWAPI.dll
0x000007f8e97c0000 - 0x000007f8e9856000 	C:\Windows\SYSTEM32\SHCORE.dll
0x000007f8ebb60000 - 0x000007f8ebb75000 	C:\Windows\system32\profapi.dll
0x000007f8e5f50000 - 0x000007f8e5f5c000 	C:\Users\Prasad\Desktop\softwares\eclipse\plugins\org.eclipse.justj.openjdk.hotspot.jre.full.win32.x86_64_16.0.1.v20210528-1205\jre\bin\dt_socket.dll
0x000007f8e6990000 - 0x000007f8e69ba000 	C:\Windows\SYSTEM32\IPHLPAPI.DLL
0x000007f8e6960000 - 0x000007f8e696a000 	C:\Windows\SYSTEM32\WINNSI.DLL
0x000007f8eb240000 - 0x000007f8eb29c000 	C:\Windows\system32\mswsock.dll
0x000007f8eb080000 - 0x000007f8eb11c000 	C:\Windows\SYSTEM32\DNSAPI.dll
0x000007f8e2c00000 - 0x000007f8e2c08000 	C:\Windows\System32\rasadhlp.dll
0x000007f8e6500000 - 0x000007f8e6561000 	C:\Windows\System32\fwpuclnt.dll
0x000007f8df950000 - 0x000007f8df969000 	C:\Users\Prasad\Desktop\softwares\eclipse\plugins\org.eclipse.justj.openjdk.hotspot.jre.full.win32.x86_64_16.0.1.v20210528-1205\jre\bin\net.dll
0x000007f8e4170000 - 0x000007f8e4221000 	C:\Windows\SYSTEM32\WINHTTP.dll
0x000007f8debf0000 - 0x000007f8dec03000 	C:\Users\Prasad\Desktop\softwares\eclipse\plugins\org.eclipse.justj.openjdk.hotspot.jre.full.win32.x86_64_16.0.1.v20210528-1205\jre\bin\nio.dll
0x000007f8eb2a0000 - 0x000007f8eb2ba000 	C:\Windows\SYSTEM32\CRYPTSP.dll
0x000007f8eaf40000 - 0x000007f8eaf8b000 	C:\Windows\system32\rsaenh.dll
0x000007f8ebc80000 - 0x000007f8ebc9f000 	C:\Windows\system32\USERENV.dll
0x000007f8eb830000 - 0x000007f8eb83a000 	C:\Windows\SYSTEM32\CRYPTBASE.dll
0x000007f8eb7d0000 - 0x000007f8eb82d000 	C:\Windows\SYSTEM32\bcryptPrimitives.dll
0x000007f8e6640000 - 0x000007f8e6653000 	C:\Windows\SYSTEM32\dhcpcsvc6.DLL
0x000007f8e6620000 - 0x000007f8e6638000 	C:\Windows\SYSTEM32\dhcpcsvc.DLL
0x000007f8e1db0000 - 0x000007f8e1dc0000 	C:\Users\Prasad\Desktop\softwares\eclipse\plugins\org.eclipse.justj.openjdk.hotspot.jre.full.win32.x86_64_16.0.1.v20210528-1205\jre\bin\verify.dll
0x000007f8e5f40000 - 0x000007f8e5f49000 	C:\Users\Prasad\Desktop\softwares\eclipse\plugins\org.eclipse.justj.openjdk.hotspot.jre.full.win32.x86_64_16.0.1.v20210528-1205\jre\bin\prefs.dll
0x000007f8e0ce0000 - 0x000007f8e0cee000 	C:\Users\Prasad\Desktop\softwares\eclipse\plugins\org.eclipse.justj.openjdk.hotspot.jre.full.win32.x86_64_16.0.1.v20210528-1205\jre\bin\sunmscapi.dll
0x000007f8ebde0000 - 0x000007f8ebfb1000 	C:\Windows\system32\CRYPT32.dll
0x000007f8eb470000 - 0x000007f8eb495000 	C:\Windows\SYSTEM32\ncrypt.dll
0x000007f8ebb40000 - 0x000007f8ebb56000 	C:\Windows\system32\MSASN1.dll
0x000007f8eb4a0000 - 0x000007f8eb4c5000 	C:\Windows\SYSTEM32\bcrypt.dll
0x000007f8eb430000 - 0x000007f8eb465000 	C:\Windows\SYSTEM32\NTASN1.dll
0x000007f8eb910000 - 0x000007f8eb9b9000 	c:\program files (x86)\browser tab search by ask\safetynut\x64\safetycrt.dll
0x000007f8ea890000 - 0x000007f8ea976000 	C:\Windows\system32\uxtheme.dll
0x000007f8e83d0000 - 0x000007f8e8465000 	C:\Program Files\Common Files\microsoft shared\ink\tiptsf.dll
0x000007f8ec010000 - 0x000007f8ec0d3000 	C:\Windows\system32\OLEAUT32.dll
0x000007f8e95d0000 - 0x000007f8e95f1000 	C:\Windows\SYSTEM32\dwmapi.dll
0x000007f8e4660000 - 0x000007f8e4674000 	C:\Windows\system32\napinsp.dll
0x000007f8e4610000 - 0x000007f8e4628000 	C:\Windows\system32\pnrpnsp.dll
0x000007f8ea430000 - 0x000007f8ea446000 	C:\Windows\system32\NLAapi.dll
0x000007f8e4080000 - 0x000007f8e4092000 	C:\Windows\System32\winrnr.dll
0x000007f8e4060000 - 0x000007f8e4074000 	C:\Windows\system32\wshbth.dll

dbghelp: loaded successfully - version: 4.0.5 - missing functions: none
symbol engine: initialized successfully - sym options: 0x614 - pdb path: .;C:\Users\Prasad\Desktop\softwares\eclipse\plugins\org.eclipse.justj.openjdk.hotspot.jre.full.win32.x86_64_16.0.1.v20210528-1205\jre\bin;C:\Windows\SYSTEM32;C:\Windows\WinSxS\amd64_microsoft.windows.common-controls_6595b64144ccf1df_6.0.9200.17359_none_4188b989718cf1c6;C:\Users\Prasad\Desktop\softwares\eclipse\plugins\org.eclipse.justj.openjdk.hotspot.jre.full.win32.x86_64_16.0.1.v20210528-1205\jre\bin\server;c:\program files (x86)\browser tab search by ask\safetynut\x64;C:\Program Files\Common Files\microsoft shared\ink

VM Arguments:
jvm_args: -XX:+ShowCodeDetailsInExceptionMessages -agentlib:jdwp=transport=dt_socket,suspend=y,address=localhost:54337 -ea -Dfile.encoding=Cp1252 
java_command: org.testng.remote.RemoteTestNG -serport 54333 -protocol json -d H:\TestYantraWorksapce\com.vtiger\test-output C:\Users\Prasad\AppData\Local\Temp\testng-eclipse-1496516236\testng-customsuite.xml
java_class_path (initial): C:\Users\Prasad\Desktop\softwares\eclipse\configuration\org.eclipse.osgi\442\0\.cp\lib\testng-remote.jar;H:\TestYantraWorksapce\com.vtiger\target\test-classes;H:\TestYantraWorksapce\com.vtiger\target\classes;C:\Users\Prasad\Desktop\softwares\eclipse\plugins\org.testng_7.4.0.r202105021533.jar;C:\Users\Prasad\Desktop\softwares\eclipse\plugins\com.beust.jcommander_1.78.0.jar;C:\Users\Prasad\Desktop\softwares\eclipse\plugins\org.apache-extras.beanshell.bsh_2.0.0.b6.jar;C:\Users\Prasad\Desktop\softwares\eclipse\plugins\org.yaml.snakeyaml_1.21.0.jar;C:\Users\Prasad\Desktop\softwares\eclipse\plugins\org.webjars.jquery_3.5.1.jar;C:\Users\Prasad\.m2\repository\org\seleniumhq\selenium\selenium-java\3.141.5\selenium-java-3.141.5.jar;C:\Users\Prasad\.m2\repository\org\seleniumhq\selenium\selenium-api\3.141.5\selenium-api-3.141.5.jar;C:\Users\Prasad\.m2\repository\org\seleniumhq\selenium\selenium-chrome-driver\3.141.5\selenium-chrome-driver-3.141.5.jar;C:\Users\Prasad\.m2\repository\org\seleniumhq\selenium\selenium-edge-driver\3.141.5\selenium-edge-driver-3.141.5.jar;C:\Users\Prasad\.m2\repository\org\seleniumhq\selenium\selenium-firefox-driver\3.141.5\selenium-firefox-driver-3.141.5.jar;C:\Users\Prasad\.m2\repository\org\seleniumhq\selenium\selenium-ie-driver\3.141.5\selenium-ie-driver-3.141.5.jar;C:\Users\Prasad\.m2\repository\org\seleniumhq\selenium\selenium-opera-driver\3.141.5\selenium-opera-driver-3.141.5.jar;C:\Users\Prasad\.m2\repository\org\seleniumhq\selenium\selenium-remote-driver\3.141.5\selenium-remote-driver-3.141.5.jar;C:\Users\Prasad\.m2\repository\org\seleniumhq\selenium\selenium-safari-driver\3.141.5\selenium-safari-driver-3.141.5.jar;C:\Users\Prasad\.m2\repository\org\seleniumhq\selenium\selenium-support\3.141.5\selenium-support-3.141.5.jar;C:\Users\Prasad\.m2\repository\net\bytebuddy\byte-buddy\1.8.15\byte-buddy-1.8.15.jar;C:\Users\Prasad\.m2\repository\org\apache\commons\commons-exec\1.3\commons-exec-1.3.jar;C:\Users\Prasad\.m2\r
Launcher Type: SUN_STANDARD

[Global flags]
     intx CICompilerCount                          = 3                                         {product} {ergonomic}
     uint ConcGCThreads                            = 1                                         {product} {ergonomic}
     uint G1ConcRefinementThreads                  = 4                                         {product} {ergonomic}
   size_t G1HeapRegionSize                         = 1048576                                   {product} {ergonomic}
    uintx GCDrainStackTargetSize                   = 64                                        {product} {ergonomic}
   size_t InitialHeapSize                          = 67108864                                  {product} {ergonomic}
   size_t MarkStackSize                            = 4194304                                   {product} {ergonomic}
   size_t MaxHeapSize                              = 1044381696                                {product} {ergonomic}
   size_t MaxNewSize                               = 625999872                                 {product} {ergonomic}
   size_t MinHeapDeltaBytes                        = 1048576                                   {product} {ergonomic}
   size_t MinHeapSize                              = 8388608                                   {product} {ergonomic}
    uintx NonNMethodCodeHeapSize                   = 5832780                                {pd product} {ergonomic}
    uintx NonProfiledCodeHeapSize                  = 122912730                              {pd product} {ergonomic}
    uintx ProfiledCodeHeapSize                     = 122912730                              {pd product} {ergonomic}
    uintx ReservedCodeCacheSize                    = 251658240                              {pd product} {ergonomic}
     bool SegmentedCodeCache                       = true                                      {product} {ergonomic}
     bool ShowCodeDetailsInExceptionMessages       = true                                   {manageable} {command line}
   size_t SoftMaxHeapSize                          = 1044381696                             {manageable} {ergonomic}
     bool UseCompressedClassPointers               = true                           {product lp64_product} {ergonomic}
     bool UseCompressedOops                        = true                           {product lp64_product} {ergonomic}
     bool UseG1GC                                  = true                                      {product} {ergonomic}
     bool UseLargePagesIndividualAllocation        = false                                  {pd product} {ergonomic}

Logging:
Log output configuration:
 #0: stdout all=warning uptime,level,tags
 #1: stderr all=off uptime,level,tags

Environment Variables:
JAVA_HOME=C:\Program Files\Java\jdk1.8.0_291\bin
CLASSPATH=.
PATH=C:\Users\Prasad\Desktop\softwares\eclipse\plugins\org.eclipse.justj.openjdk.hotspot.jre.full.win32.x86_64_16.0.1.v20210528-1205\jre\bin;C:/Users/Prasad/Desktop/softwares/eclipse//plugins/org.eclipse.justj.openjdk.hotspot.jre.full.win32.x86_64_16.0.1.v20210528-1205/jre/bin/server;C:/Users/Prasad/Desktop/softwares/eclipse//plugins/org.eclipse.justj.openjdk.hotspot.jre.full.win32.x86_64_16.0.1.v20210528-1205/jre/bin;C:\Program Files (x86)\Common Files\Oracle\Java\javapath;E:\oracle\product\10.2.0\db_1\bin;G:\apache-tomcat-7.0.27\bin;C:\Program Files (x86)\Common Files\lenovo\easyplussdk\bin;C:\Program Files\apache-maven-3.8.4-bin\apache-maven-3.8.4\bin;C:\Program Files\Java\jdk1.8.0_291\bin;C:\Users\Prasad\Desktop\softwares\eclipse;
USERNAME=Prasad
OS=Windows_NT
PROCESSOR_IDENTIFIER=Intel64 Family 6 Model 58 Stepping 9, GenuineIntel



---------------  S Y S T E M  ---------------

OS:
 Windows 8 , 64 bit Build 9200 (6.2.9200.16859)
OS uptime: 1 days 0:26 hours

CPU: total 4 (initial active 4) (2 cores per cpu, 2 threads per core) family 6 model 58 stepping 9 microcode 0x17, cx8, cmov, fxsr, ht, mmx, sse, sse2, sse3, ssse3, sse4.1, sse4.2, popcnt, tsc, tscinvbit, avx, aes, erms, clmul, vzeroupper, clflush

Memory: 4k page, system-wide physical 3977M (852M free)
TotalPageFile size 15753M (AvailPageFile size 7960M)
current process WorkingSet (physical memory assigned to process): 131M, peak: 167M
current process commit charge ("private bytes"): 159M, peak: 196M

vm_info: OpenJDK 64-Bit Server VM (16.0.1+9-24) for windows-amd64 JRE (16.0.1+9-24), built on Mar 26 2021 19:30:07 by "mach5one" with MS VC++ 16.7 (VS2019)

END.
